<?xml version="1.0" encoding="utf-8" ?>
<!DOCTYPE html PUBLIC "-//W3C//DTD XHTML 1.0 Strict//EN"
        "http://www.w3.org/TR/xhtml1/DTD/xhtml1-strict.dtd">
<html xmlns="http://www.w3.org/1999/xhtml" xml:lang="" lang="">
<head>
  <title>Test Results Report - C:/Users/fouad/IdeaProjects/selenium_maven/src/test/java/testng_learning</title>
  <meta http-equiv="Content-Type" content="text/html;charset=utf-8" />
  <meta name="description" content="TestNG unit test results." />
  <link href="reportng.css" rel="stylesheet" type="text/css" />
    <script type="text/javascript" src="reportng.js"></script>
</head>
<body>
<h1>C:/Users/fouad/IdeaProjects/selenium_maven/src/test/java/testng_learning</h1>
<p>
  Test duration: 0.013s
</p>



  <table class="resultsTable">
    <tr><th colspan="3" class="header failed">Failed Tests</th></tr>
          <tr>
        <td colspan="3" class="group">testng_learning.TestCase1</td>
      </tr>
            
<tr>
  <td class="method">
                  doLogin
      </td>
  <td class="duration">
    0.001s
  </td>
  <td class="result">
        
    
        

        <a href="javascript:toggleElement('exception-0', 'block')" title="Click to expand/collapse"><b>java.lang.AssertionError: failed the doLogin</b></a><br />
    <div class="stackTrace" id="exception-0">
              org.testng.Assert.fail(Assert.java:110)<br />
              testng_learning.TestCase1.doLogin(TestCase1.java:21)<br />
              java.base/jdk.internal.reflect.NativeMethodAccessorImpl.invoke0(Native Method)<br />
              java.base/jdk.internal.reflect.NativeMethodAccessorImpl.invoke(NativeMethodAccessorImpl.java:77)<br />
              java.base/jdk.internal.reflect.DelegatingMethodAccessorImpl.invoke(DelegatingMethodAccessorImpl.java:43)<br />
              java.base/java.lang.reflect.Method.invoke(Method.java:568)<br />
              org.testng.internal.invokers.MethodInvocationHelper.invokeMethod(MethodInvocationHelper.java:139)<br />
              org.testng.internal.invokers.TestInvoker.invokeMethod(TestInvoker.java:677)<br />
              org.testng.internal.invokers.TestInvoker.invokeTestMethod(TestInvoker.java:221)<br />
              org.testng.internal.invokers.MethodRunner.runInSequence(MethodRunner.java:50)<br />
              org.testng.internal.invokers.TestInvoker$MethodInvocationAgent.invoke(TestInvoker.java:962)<br />
              org.testng.internal.invokers.TestInvoker.invokeTestMethods(TestInvoker.java:194)<br />
              org.testng.internal.invokers.TestMethodWorker.invokeTestMethods(TestMethodWorker.java:148)<br />
              org.testng.internal.invokers.TestMethodWorker.run(TestMethodWorker.java:128)<br />
              java.base/java.util.ArrayList.forEach(ArrayList.java:1511)<br />
              org.testng.TestRunner.privateRun(TestRunner.java:806)<br />
              org.testng.TestRunner.run(TestRunner.java:601)<br />
              org.testng.SuiteRunner.runTest(SuiteRunner.java:433)<br />
              org.testng.SuiteRunner.runSequentially(SuiteRunner.java:427)<br />
              org.testng.SuiteRunner.privateRun(SuiteRunner.java:387)<br />
              org.testng.SuiteRunner.run(SuiteRunner.java:330)<br />
              org.testng.SuiteRunnerWorker.runSuite(SuiteRunnerWorker.java:52)<br />
              org.testng.SuiteRunnerWorker.run(SuiteRunnerWorker.java:95)<br />
              org.testng.TestNG.runSuitesSequentially(TestNG.java:1256)<br />
              org.testng.TestNG.runSuitesLocally(TestNG.java:1176)<br />
              org.testng.TestNG.runSuites(TestNG.java:1099)<br />
              org.testng.TestNG.run(TestNG.java:1067)<br />
              com.intellij.rt.testng.IDEARemoteTestNG.run(IDEARemoteTestNG.java:66)<br />
              com.intellij.rt.testng.RemoteTestNGStarter.main(RemoteTestNGStarter.java:109)<br />
                </div>
      </td>
</tr>
          <tr>
        <td colspan="3" class="group">testng_learning.TestCase2</td>
      </tr>
            
<tr>
  <td class="method">
                  validateTitle
      </td>
  <td class="duration">
    0.004s
  </td>
  <td class="result">
        
    
        

        <a href="javascript:toggleElement('exception-1', 'block')" title="Click to expand/collapse"><b>java.lang.AssertionError: expected [Gmails.com] but found [Gmail.com]</b></a><br />
    <div class="stackTrace" id="exception-1">
              org.testng.Assert.fail(Assert.java:110)<br />
              org.testng.Assert.failNotEquals(Assert.java:1413)<br />
              org.testng.Assert.assertEqualsImpl(Assert.java:149)<br />
              org.testng.Assert.assertEquals(Assert.java:131)<br />
              org.testng.Assert.assertEquals(Assert.java:655)<br />
              org.testng.Assert.assertEquals(Assert.java:665)<br />
              testng_learning.TestCase2.validateTitle(TestCase2.java:16)<br />
              java.base/jdk.internal.reflect.NativeMethodAccessorImpl.invoke0(Native Method)<br />
              java.base/jdk.internal.reflect.NativeMethodAccessorImpl.invoke(NativeMethodAccessorImpl.java:77)<br />
              java.base/jdk.internal.reflect.DelegatingMethodAccessorImpl.invoke(DelegatingMethodAccessorImpl.java:43)<br />
              java.base/java.lang.reflect.Method.invoke(Method.java:568)<br />
              org.testng.internal.invokers.MethodInvocationHelper.invokeMethod(MethodInvocationHelper.java:139)<br />
              org.testng.internal.invokers.TestInvoker.invokeMethod(TestInvoker.java:677)<br />
              org.testng.internal.invokers.TestInvoker.invokeTestMethod(TestInvoker.java:221)<br />
              org.testng.internal.invokers.MethodRunner.runInSequence(MethodRunner.java:50)<br />
              org.testng.internal.invokers.TestInvoker$MethodInvocationAgent.invoke(TestInvoker.java:962)<br />
              org.testng.internal.invokers.TestInvoker.invokeTestMethods(TestInvoker.java:194)<br />
              org.testng.internal.invokers.TestMethodWorker.invokeTestMethods(TestMethodWorker.java:148)<br />
              org.testng.internal.invokers.TestMethodWorker.run(TestMethodWorker.java:128)<br />
              java.base/java.util.ArrayList.forEach(ArrayList.java:1511)<br />
              org.testng.TestRunner.privateRun(TestRunner.java:806)<br />
              org.testng.TestRunner.run(TestRunner.java:601)<br />
              org.testng.SuiteRunner.runTest(SuiteRunner.java:433)<br />
              org.testng.SuiteRunner.runSequentially(SuiteRunner.java:427)<br />
              org.testng.SuiteRunner.privateRun(SuiteRunner.java:387)<br />
              org.testng.SuiteRunner.run(SuiteRunner.java:330)<br />
              org.testng.SuiteRunnerWorker.runSuite(SuiteRunnerWorker.java:52)<br />
              org.testng.SuiteRunnerWorker.run(SuiteRunnerWorker.java:95)<br />
              org.testng.TestNG.runSuitesSequentially(TestNG.java:1256)<br />
              org.testng.TestNG.runSuitesLocally(TestNG.java:1176)<br />
              org.testng.TestNG.runSuites(TestNG.java:1099)<br />
              org.testng.TestNG.run(TestNG.java:1067)<br />
              com.intellij.rt.testng.IDEARemoteTestNG.run(IDEARemoteTestNG.java:66)<br />
              com.intellij.rt.testng.RemoteTestNGStarter.main(RemoteTestNGStarter.java:109)<br />
                </div>
      </td>
</tr>
      </table>


  <table class="resultsTable">
    <tr><th colspan="3" class="header passed">Passed Tests</th></tr>
          <tr>
        <td colspan="3" class="group">testng_learning.TestCase1</td>
      </tr>
            
<tr>
  <td class="method">
                  doUserRegistration
      </td>
  <td class="duration">
    0.003s
  </td>
  <td class="result">
        
    
        

      </td>
</tr>
      </table>
  
</body>
</html>
